<?xml version="1.0" encoding="UTF-8"?>
<!-- Generated by org.testng.reporters.JUnitReportReporter -->
<testsuite hostname="LAPTOP-N716SJOQ" failures="0" tests="1" name="TestFiles.LoginApplication" time="18.699" errors="0" timestamp="2021-08-28T02:20:59 IST" skipped="0">
  <testcase classname="TestFiles.LoginApplication" name="Login" time="18.699"/>
  <system-out/>
</testsuite> <!-- TestFiles.LoginApplication -->
